{"total": {"lines":{"total":84,"covered":46,"skipped":0,"pct":54.76},"statements":{"total":86,"covered":48,"skipped":0,"pct":55.81},"functions":{"total":37,"covered":18,"skipped":0,"pct":48.64},"branches":{"total":22,"covered":11,"skipped":0,"pct":50},"branchesTrue":{"total":0,"covered":0,"skipped":0,"pct":"Unknown"}}
,"C:\\Users\\Acer\\OneDrive\\Pictures\\Saved Pictures\\Camera imports\\Camera Roll\\OneDrive\\Desktop\\Technical stuff\\debug\\public\\js\\clothing_add.js": {"lines":{"total":17,"covered":0,"skipped":0,"pct":0},"functions":{"total":8,"covered":0,"skipped":0,"pct":0},"statements":{"total":17,"covered":0,"skipped":0,"pct":0},"branches":{"total":4,"covered":0,"skipped":0,"pct":0}}
,"C:\\Users\\Acer\\OneDrive\\Pictures\\Saved Pictures\\Camera imports\\Camera Roll\\OneDrive\\Desktop\\Technical stuff\\debug\\public\\js\\clothing_search.js": {"lines":{"total":5,"covered":0,"skipped":0,"pct":0},"functions":{"total":2,"covered":0,"skipped":0,"pct":0},"statements":{"total":5,"covered":0,"skipped":0,"pct":0},"branches":{"total":2,"covered":0,"skipped":0,"pct":0}}
,"C:\\Users\\Acer\\OneDrive\\Pictures\\Saved Pictures\\Camera imports\\Camera Roll\\OneDrive\\Desktop\\Technical stuff\\debug\\public\\js\\clothing_update.js": {"lines":{"total":32,"covered":26,"skipped":0,"pct":81.25},"functions":{"total":12,"covered":8,"skipped":0,"pct":66.66},"statements":{"total":32,"covered":26,"skipped":0,"pct":81.25},"branches":{"total":12,"covered":10,"skipped":0,"pct":83.33}}
,"C:\\Users\\Acer\\OneDrive\\Pictures\\Saved Pictures\\Camera imports\\Camera Roll\\OneDrive\\Desktop\\Technical stuff\\debug\\public\\js\\common.js": {"lines":{"total":30,"covered":20,"skipped":0,"pct":66.66},"functions":{"total":15,"covered":10,"skipped":0,"pct":66.66},"statements":{"total":32,"covered":22,"skipped":0,"pct":68.75},"branches":{"total":4,"covered":1,"skipped":0,"pct":25}}
}
