{"C:\\Users\\Leila Erika\\Documents\\DVOPS_Ecommerce\\ecommerce-mngt\\public\\js\\clothing_add.js": {"path":"C:\\Users\\Leila Erika\\Documents\\DVOPS_Ecommerce\\ecommerce-mngt\\public\\js\\clothing_add.js","statementMap":{"0":{"start":{"line":2,"column":18},"end":{"line":7,"column":3}},"1":{"start":{"line":9,"column":2},"end":{"line":27,"column":73}},"2":{"start":{"line":14,"column":24},"end":{"line":14,"column":39}},"3":{"start":{"line":16,"column":6},"end":{"line":25,"column":7}},"4":{"start":{"line":17,"column":8},"end":{"line":17,"column":28}},"5":{"start":{"line":18,"column":8},"end":{"line":18,"column":25}},"6":{"start":{"line":19,"column":8},"end":{"line":22,"column":10}},"7":{"start":{"line":24,"column":8},"end":{"line":24,"column":68}},"8":{"start":{"line":27,"column":17},"end":{"line":27,"column":71}},"9":{"start":{"line":31,"column":2},"end":{"line":31,"column":45}},"10":{"start":{"line":32,"column":2},"end":{"line":32,"column":47}},"11":{"start":{"line":33,"column":2},"end":{"line":33,"column":46}},"12":{"start":{"line":34,"column":2},"end":{"line":34,"column":49}},"13":{"start":{"line":38,"column":2},"end":{"line":38,"column":66}},"14":{"start":{"line":39,"column":2},"end":{"line":41,"column":11}},"15":{"start":{"line":40,"column":4},"end":{"line":40,"column":24}},"16":{"start":{"line":45,"column":2},"end":{"line":45,"column":65}}},"fnMap":{"0":{"name":"addClothing","decl":{"start":{"line":1,"column":9},"end":{"line":1,"column":20}},"loc":{"start":{"line":1,"column":23},"end":{"line":28,"column":1}},"line":1},"1":{"name":"(anonymous_1)","decl":{"start":{"line":14,"column":10},"end":{"line":14,"column":11}},"loc":{"start":{"line":14,"column":24},"end":{"line":14,"column":39}},"line":14},"2":{"name":"(anonymous_2)","decl":{"start":{"line":15,"column":10},"end":{"line":15,"column":11}},"loc":{"start":{"line":15,"column":20},"end":{"line":26,"column":5}},"line":15},"3":{"name":"(anonymous_3)","decl":{"start":{"line":27,"column":11},"end":{"line":27,"column":12}},"loc":{"start":{"line":27,"column":17},"end":{"line":27,"column":71}},"line":27},"4":{"name":"clearForm","decl":{"start":{"line":30,"column":9},"end":{"line":30,"column":18}},"loc":{"start":{"line":30,"column":21},"end":{"line":35,"column":1}},"line":30},"5":{"name":"showSuccessPopup","decl":{"start":{"line":37,"column":9},"end":{"line":37,"column":25}},"loc":{"start":{"line":37,"column":28},"end":{"line":42,"column":1}},"line":37},"6":{"name":"(anonymous_6)","decl":{"start":{"line":39,"column":13},"end":{"line":39,"column":14}},"loc":{"start":{"line":39,"column":19},"end":{"line":41,"column":3}},"line":39},"7":{"name":"closeSuccessPopup","decl":{"start":{"line":44,"column":9},"end":{"line":44,"column":26}},"loc":{"start":{"line":44,"column":29},"end":{"line":46,"column":1}},"line":44}},"branchMap":{"0":{"loc":{"start":{"line":16,"column":6},"end":{"line":25,"column":7}},"type":"if","locations":[{"start":{"line":16,"column":6},"end":{"line":25,"column":7}},{"start":{"line":23,"column":13},"end":{"line":25,"column":7}}],"line":16},"1":{"loc":{"start":{"line":24,"column":21},"end":{"line":24,"column":66}},"type":"binary-expr","locations":[{"start":{"line":24,"column":21},"end":{"line":24,"column":33}},{"start":{"line":24,"column":37},"end":{"line":24,"column":66}}],"line":24}},"s":{"0":0,"1":0,"2":0,"3":0,"4":0,"5":0,"6":0,"7":0,"8":0,"9":0,"10":0,"11":0,"12":0,"13":0,"14":0,"15":0,"16":0},"f":{"0":0,"1":0,"2":0,"3":0,"4":0,"5":0,"6":0,"7":0},"b":{"0":[0,0],"1":[0,0]},"_coverageSchema":"1a1c01bbd47fc00a2c39e90264f33305004495a9","hash":"0b25a6284173f6a15338d1494bdc87850256a56b"}
,"C:\\Users\\Leila Erika\\Documents\\DVOPS_Ecommerce\\ecommerce-mngt\\public\\js\\clothing_search.js": {"path":"C:\\Users\\Leila Erika\\Documents\\DVOPS_Ecommerce\\ecommerce-mngt\\public\\js\\clothing_search.js","statementMap":{"0":{"start":{"line":2,"column":19},"end":{"line":4,"column":26}},"1":{"start":{"line":5,"column":18},"end":{"line":5,"column":60}},"2":{"start":{"line":6,"column":4},"end":{"line":11,"column":7}},"3":{"start":{"line":7,"column":19},"end":{"line":7,"column":55}},"4":{"start":{"line":8,"column":6},"end":{"line":10,"column":17}}},"fnMap":{"0":{"name":"searchResources","decl":{"start":{"line":1,"column":9},"end":{"line":1,"column":24}},"loc":{"start":{"line":1,"column":27},"end":{"line":12,"column":3}},"line":1},"1":{"name":"(anonymous_1)","decl":{"start":{"line":6,"column":18},"end":{"line":6,"column":19}},"loc":{"start":{"line":6,"column":28},"end":{"line":11,"column":5}},"line":6}},"branchMap":{"0":{"loc":{"start":{"line":8,"column":27},"end":{"line":10,"column":16}},"type":"cond-expr","locations":[{"start":{"line":9,"column":10},"end":{"line":9,"column":12}},{"start":{"line":10,"column":10},"end":{"line":10,"column":16}}],"line":8}},"s":{"0":0,"1":0,"2":0,"3":0,"4":0},"f":{"0":0,"1":0},"b":{"0":[0,0]},"_coverageSchema":"1a1c01bbd47fc00a2c39e90264f33305004495a9","hash":"2b3d0cc47f215c4f597e98403868e651b3752d3b"}
,"C:\\Users\\Leila Erika\\Documents\\DVOPS_Ecommerce\\ecommerce-mngt\\public\\js\\clothing_update.js": {"path":"C:\\Users\\Leila Erika\\Documents\\DVOPS_Ecommerce\\ecommerce-mngt\\public\\js\\clothing_update.js","statementMap":{"0":{"start":{"line":2,"column":2},"end":{"line":24,"column":73}},"1":{"start":{"line":7,"column":24},"end":{"line":7,"column":39}},"2":{"start":{"line":9,"column":6},"end":{"line":22,"column":7}},"3":{"start":{"line":11,"column":8},"end":{"line":11,"column":28}},"4":{"start":{"line":13,"column":8},"end":{"line":13,"column":25}},"5":{"start":{"line":15,"column":8},"end":{"line":18,"column":10}},"6":{"start":{"line":21,"column":8},"end":{"line":21,"column":70}},"7":{"start":{"line":24,"column":17},"end":{"line":24,"column":71}},"8":{"start":{"line":28,"column":22},"end":{"line":34,"column":3}},"9":{"start":{"line":37,"column":2},"end":{"line":37,"column":30}},"10":{"start":{"line":41,"column":2},"end":{"line":41,"column":19}},"11":{"start":{"line":42,"column":20},"end":{"line":42,"column":55}},"12":{"start":{"line":43,"column":20},"end":{"line":43,"column":55}},"13":{"start":{"line":44,"column":21},"end":{"line":44,"column":57}},"14":{"start":{"line":45,"column":24},"end":{"line":45,"column":63}},"15":{"start":{"line":46,"column":22},"end":{"line":46,"column":55}},"16":{"start":{"line":47,"column":21},"end":{"line":47,"column":62}},"17":{"start":{"line":49,"column":2},"end":{"line":70,"column":3}},"18":{"start":{"line":57,"column":4},"end":{"line":67,"column":70}},"19":{"start":{"line":58,"column":26},"end":{"line":58,"column":41}},"20":{"start":{"line":60,"column":8},"end":{"line":60,"column":36}},"21":{"start":{"line":61,"column":8},"end":{"line":61,"column":36}},"22":{"start":{"line":62,"column":8},"end":{"line":62,"column":38}},"23":{"start":{"line":63,"column":8},"end":{"line":63,"column":44}},"24":{"start":{"line":64,"column":8},"end":{"line":64,"column":36}},"25":{"start":{"line":65,"column":8},"end":{"line":65,"column":72}},"26":{"start":{"line":67,"column":24},"end":{"line":67,"column":68}},"27":{"start":{"line":69,"column":4},"end":{"line":69,"column":71}},"28":{"start":{"line":81,"column":2},"end":{"line":81,"column":65}}},"fnMap":{"0":{"name":"updateClothing","decl":{"start":{"line":1,"column":9},"end":{"line":1,"column":23}},"loc":{"start":{"line":1,"column":37},"end":{"line":25,"column":1}},"line":1},"1":{"name":"(anonymous_1)","decl":{"start":{"line":7,"column":10},"end":{"line":7,"column":11}},"loc":{"start":{"line":7,"column":24},"end":{"line":7,"column":39}},"line":7},"2":{"name":"(anonymous_2)","decl":{"start":{"line":8,"column":10},"end":{"line":8,"column":11}},"loc":{"start":{"line":8,"column":20},"end":{"line":23,"column":5}},"line":8},"3":{"name":"(anonymous_3)","decl":{"start":{"line":24,"column":11},"end":{"line":24,"column":12}},"loc":{"start":{"line":24,"column":17},"end":{"line":24,"column":71}},"line":24},"4":{"name":"editClothing","decl":{"start":{"line":27,"column":9},"end":{"line":27,"column":21}},"loc":{"start":{"line":27,"column":24},"end":{"line":38,"column":1}},"line":27},"5":{"name":"openEditForm","decl":{"start":{"line":40,"column":9},"end":{"line":40,"column":21}},"loc":{"start":{"line":40,"column":30},"end":{"line":71,"column":1}},"line":40},"6":{"name":"(anonymous_6)","decl":{"start":{"line":58,"column":12},"end":{"line":58,"column":13}},"loc":{"start":{"line":58,"column":26},"end":{"line":58,"column":41}},"line":58},"7":{"name":"(anonymous_7)","decl":{"start":{"line":59,"column":12},"end":{"line":59,"column":13}},"loc":{"start":{"line":59,"column":22},"end":{"line":66,"column":7}},"line":59},"8":{"name":"(anonymous_8)","decl":{"start":{"line":67,"column":13},"end":{"line":67,"column":14}},"loc":{"start":{"line":67,"column":24},"end":{"line":67,"column":68}},"line":67},"9":{"name":"closeSuccessPopup","decl":{"start":{"line":80,"column":9},"end":{"line":80,"column":26}},"loc":{"start":{"line":80,"column":29},"end":{"line":82,"column":1}},"line":80}},"branchMap":{"0":{"loc":{"start":{"line":9,"column":6},"end":{"line":22,"column":7}},"type":"if","locations":[{"start":{"line":9,"column":6},"end":{"line":22,"column":7}},{"start":{"line":19,"column":13},"end":{"line":22,"column":7}}],"line":9},"1":{"loc":{"start":{"line":21,"column":21},"end":{"line":21,"column":68}},"type":"binary-expr","locations":[{"start":{"line":21,"column":21},"end":{"line":21,"column":33}},{"start":{"line":21,"column":37},"end":{"line":21,"column":68}}],"line":21},"2":{"loc":{"start":{"line":49,"column":2},"end":{"line":70,"column":3}},"type":"if","locations":[{"start":{"line":49,"column":2},"end":{"line":70,"column":3}},{"start":{"line":68,"column":9},"end":{"line":70,"column":3}}],"line":49},"3":{"loc":{"start":{"line":50,"column":4},"end":{"line":55,"column":15}},"type":"binary-expr","locations":[{"start":{"line":50,"column":4},"end":{"line":50,"column":13}},{"start":{"line":51,"column":4},"end":{"line":51,"column":13}},{"start":{"line":52,"column":4},"end":{"line":52,"column":14}},{"start":{"line":53,"column":4},"end":{"line":53,"column":17}},{"start":{"line":54,"column":4},"end":{"line":54,"column":14}},{"start":{"line":55,"column":4},"end":{"line":55,"column":15}}],"line":50}},"s":{"0":2,"1":2,"2":2,"3":1,"4":1,"5":1,"6":1,"7":1,"8":2,"9":2,"10":2,"11":2,"12":2,"13":2,"14":2,"15":2,"16":2,"17":2,"18":2,"19":2,"20":2,"21":2,"22":2,"23":2,"24":2,"25":2,"26":0,"27":0,"28":0},"f":{"0":2,"1":2,"2":2,"3":1,"4":2,"5":2,"6":2,"7":2,"8":0,"9":0},"b":{"0":[1,1],"1":[1,0],"2":[2,0],"3":[2,2,2,2,2,2]},"_coverageSchema":"1a1c01bbd47fc00a2c39e90264f33305004495a9","hash":"c28d10c95bd2d6a117a44e2876d371ff7dd129ff"}
,"C:\\Users\\Leila Erika\\Documents\\DVOPS_Ecommerce\\ecommerce-mngt\\public\\js\\common.js": {"path":"C:\\Users\\Leila Erika\\Documents\\DVOPS_Ecommerce\\ecommerce-mngt\\public\\js\\common.js","statementMap":{"0":{"start":{"line":3,"column":2},"end":{"line":3,"column":19}},"1":{"start":{"line":4,"column":2},"end":{"line":4,"column":67}},"2":{"start":{"line":5,"column":2},"end":{"line":5,"column":65}},"3":{"start":{"line":6,"column":2},"end":{"line":6,"column":62}},"4":{"start":{"line":7,"column":2},"end":{"line":7,"column":14}},"5":{"start":{"line":14,"column":2},"end":{"line":14,"column":28}},"6":{"start":{"line":15,"column":28},"end":{"line":17,"column":3}},"7":{"start":{"line":18,"column":2},"end":{"line":18,"column":59}},"8":{"start":{"line":19,"column":2},"end":{"line":19,"column":42}},"9":{"start":{"line":23,"column":2},"end":{"line":23,"column":66}},"10":{"start":{"line":24,"column":2},"end":{"line":24,"column":62}},"11":{"start":{"line":29,"column":2},"end":{"line":29,"column":75}},"12":{"start":{"line":30,"column":2},"end":{"line":30,"column":76}},"13":{"start":{"line":34,"column":2},"end":{"line":36,"column":74}},"14":{"start":{"line":35,"column":24},"end":{"line":35,"column":39}},"15":{"start":{"line":36,"column":22},"end":{"line":36,"column":72}},"16":{"start":{"line":41,"column":22},"end":{"line":41,"column":51}},"17":{"start":{"line":42,"column":2},"end":{"line":42,"column":44}},"18":{"start":{"line":43,"column":2},"end":{"line":49,"column":2}},"19":{"start":{"line":50,"column":21},"end":{"line":50,"column":62}},"20":{"start":{"line":51,"column":2},"end":{"line":51,"column":68}},"21":{"start":{"line":51,"column":45},"end":{"line":51,"column":66}},"22":{"start":{"line":52,"column":2},"end":{"line":52,"column":66}},"23":{"start":{"line":56,"column":2},"end":{"line":62,"column":54}},"24":{"start":{"line":57,"column":24},"end":{"line":57,"column":39}},"25":{"start":{"line":59,"column":6},"end":{"line":59,"column":60}},"26":{"start":{"line":60,"column":6},"end":{"line":60,"column":51}},"27":{"start":{"line":60,"column":29},"end":{"line":60,"column":49}},"28":{"start":{"line":62,"column":22},"end":{"line":62,"column":52}},"29":{"start":{"line":66,"column":2},"end":{"line":66,"column":57}},"30":{"start":{"line":67,"column":2},"end":{"line":67,"column":74}},"31":{"start":{"line":71,"column":0},"end":{"line":71,"column":34}}},"fnMap":{"0":{"name":"openAddPopup","decl":{"start":{"line":2,"column":9},"end":{"line":2,"column":21}},"loc":{"start":{"line":2,"column":24},"end":{"line":8,"column":1}},"line":2},"1":{"name":"openConfirmationPopup","decl":{"start":{"line":10,"column":9},"end":{"line":10,"column":30}},"loc":{"start":{"line":13,"column":2},"end":{"line":20,"column":1}},"line":13},"2":{"name":"closeAllPopups","decl":{"start":{"line":22,"column":9},"end":{"line":22,"column":23}},"loc":{"start":{"line":22,"column":26},"end":{"line":25,"column":1}},"line":22},"3":{"name":"closeConfirmationPopups","decl":{"start":{"line":27,"column":9},"end":{"line":27,"column":32}},"loc":{"start":{"line":27,"column":35},"end":{"line":31,"column":1}},"line":27},"4":{"name":"getItemById","decl":{"start":{"line":33,"column":9},"end":{"line":33,"column":20}},"loc":{"start":{"line":33,"column":25},"end":{"line":37,"column":1}},"line":33},"5":{"name":"(anonymous_5)","decl":{"start":{"line":35,"column":10},"end":{"line":35,"column":11}},"loc":{"start":{"line":35,"column":24},"end":{"line":35,"column":39}},"line":35},"6":{"name":"(anonymous_6)","decl":{"start":{"line":36,"column":11},"end":{"line":36,"column":12}},"loc":{"start":{"line":36,"column":22},"end":{"line":36,"column":72}},"line":36},"7":{"name":"displayProduct","decl":{"start":{"line":40,"column":9},"end":{"line":40,"column":23}},"loc":{"start":{"line":40,"column":30},"end":{"line":53,"column":1}},"line":40},"8":{"name":"(anonymous_8)","decl":{"start":{"line":51,"column":39},"end":{"line":51,"column":40}},"loc":{"start":{"line":51,"column":45},"end":{"line":51,"column":66}},"line":51},"9":{"name":"loadClothingItems","decl":{"start":{"line":55,"column":9},"end":{"line":55,"column":26}},"loc":{"start":{"line":55,"column":29},"end":{"line":63,"column":1}},"line":55},"10":{"name":"(anonymous_10)","decl":{"start":{"line":57,"column":10},"end":{"line":57,"column":11}},"loc":{"start":{"line":57,"column":24},"end":{"line":57,"column":39}},"line":57},"11":{"name":"(anonymous_11)","decl":{"start":{"line":58,"column":10},"end":{"line":58,"column":11}},"loc":{"start":{"line":58,"column":20},"end":{"line":61,"column":5}},"line":58},"12":{"name":"(anonymous_12)","decl":{"start":{"line":60,"column":19},"end":{"line":60,"column":20}},"loc":{"start":{"line":60,"column":29},"end":{"line":60,"column":49}},"line":60},"13":{"name":"(anonymous_13)","decl":{"start":{"line":62,"column":11},"end":{"line":62,"column":12}},"loc":{"start":{"line":62,"column":22},"end":{"line":62,"column":52}},"line":62},"14":{"name":"displayError","decl":{"start":{"line":65,"column":9},"end":{"line":65,"column":21}},"loc":{"start":{"line":65,"column":31},"end":{"line":68,"column":1}},"line":65}},"branchMap":{"0":{"loc":{"start":{"line":11,"column":2},"end":{"line":11,"column":60}},"type":"default-arg","locations":[{"start":{"line":11,"column":12},"end":{"line":11,"column":60}}],"line":11},"1":{"loc":{"start":{"line":12,"column":2},"end":{"line":12,"column":14}},"type":"default-arg","locations":[{"start":{"line":12,"column":9},"end":{"line":12,"column":14}}],"line":12},"2":{"loc":{"start":{"line":16,"column":4},"end":{"line":16,"column":69}},"type":"cond-expr","locations":[{"start":{"line":16,"column":21},"end":{"line":16,"column":43}},{"start":{"line":16,"column":46},"end":{"line":16,"column":69}}],"line":16}},"s":{"0":0,"1":0,"2":0,"3":0,"4":0,"5":1,"6":1,"7":1,"8":1,"9":3,"10":3,"11":2,"12":2,"13":0,"14":0,"15":0,"16":93,"17":93,"18":93,"19":93,"20":93,"21":2,"22":93,"23":3,"24":3,"25":3,"26":3,"27":93,"28":0,"29":2,"30":0,"31":2},"f":{"0":0,"1":1,"2":3,"3":2,"4":0,"5":0,"6":0,"7":93,"8":2,"9":3,"10":3,"11":3,"12":93,"13":0,"14":2},"b":{"0":[0],"1":[0],"2":[0,1]},"_coverageSchema":"1a1c01bbd47fc00a2c39e90264f33305004495a9","hash":"8c937f583ffb745b4eb5c557dfaa14716465f8e6"}
}
