{"total": {"lines":{"total":81,"covered":46,"skipped":0,"pct":56.79},"statements":{"total":83,"covered":48,"skipped":0,"pct":57.83},"functions":{"total":35,"covered":18,"skipped":0,"pct":51.42},"branches":{"total":22,"covered":11,"skipped":0,"pct":50},"branchesTrue":{"total":0,"covered":0,"skipped":0,"pct":"Unknown"}}
,"C:\\Users\\Leila Erika\\Documents\\DVOPS_Ecommerce\\ecommerce-mngt\\public\\js\\clothing_add.js": {"lines":{"total":17,"covered":0,"skipped":0,"pct":0},"functions":{"total":8,"covered":0,"skipped":0,"pct":0},"statements":{"total":17,"covered":0,"skipped":0,"pct":0},"branches":{"total":4,"covered":0,"skipped":0,"pct":0}}
,"C:\\Users\\Leila Erika\\Documents\\DVOPS_Ecommerce\\ecommerce-mngt\\public\\js\\clothing_search.js": {"lines":{"total":5,"covered":0,"skipped":0,"pct":0},"functions":{"total":2,"covered":0,"skipped":0,"pct":0},"statements":{"total":5,"covered":0,"skipped":0,"pct":0},"branches":{"total":2,"covered":0,"skipped":0,"pct":0}}
,"C:\\Users\\Leila Erika\\Documents\\DVOPS_Ecommerce\\ecommerce-mngt\\public\\js\\clothing_update.js": {"lines":{"total":29,"covered":26,"skipped":0,"pct":89.65},"functions":{"total":10,"covered":8,"skipped":0,"pct":80},"statements":{"total":29,"covered":26,"skipped":0,"pct":89.65},"branches":{"total":12,"covered":10,"skipped":0,"pct":83.33}}
,"C:\\Users\\Leila Erika\\Documents\\DVOPS_Ecommerce\\ecommerce-mngt\\public\\js\\common.js": {"lines":{"total":30,"covered":20,"skipped":0,"pct":66.66},"functions":{"total":15,"covered":10,"skipped":0,"pct":66.66},"statements":{"total":32,"covered":22,"skipped":0,"pct":68.75},"branches":{"total":4,"covered":1,"skipped":0,"pct":25}}
}
