TN:
SF:public\js\clothing_add.js
FN:1,addClothing
FN:14,(anonymous_1)
FN:15,(anonymous_2)
FN:27,(anonymous_3)
FN:30,clearForm
FN:37,showSuccessPopup
FN:39,(anonymous_6)
FN:44,closeSuccessPopup
FNF:8
FNH:0
FNDA:0,addClothing
FNDA:0,(anonymous_1)
FNDA:0,(anonymous_2)
FNDA:0,(anonymous_3)
FNDA:0,clearForm
FNDA:0,showSuccessPopup
FNDA:0,(anonymous_6)
FNDA:0,closeSuccessPopup
DA:2,0
DA:9,0
DA:14,0
DA:16,0
DA:17,0
DA:18,0
DA:19,0
DA:24,0
DA:27,0
DA:31,0
DA:32,0
DA:33,0
DA:34,0
DA:38,0
DA:39,0
DA:40,0
DA:45,0
LF:17
LH:0
BRDA:16,0,0,0
BRDA:16,0,1,0
BRDA:24,1,0,0
BRDA:24,1,1,0
BRF:4
BRH:0
end_of_record
TN:
SF:public\js\clothing_search.js
FN:1,searchResources
FN:6,(anonymous_1)
FNF:2
FNH:0
FNDA:0,searchResources
FNDA:0,(anonymous_1)
DA:2,0
DA:5,0
DA:6,0
DA:7,0
DA:8,0
LF:5
LH:0
BRDA:8,0,0,0
BRDA:8,0,1,0
BRF:2
BRH:0
end_of_record
TN:
SF:public\js\clothing_update.js
FN:1,updateClothing
FN:7,(anonymous_1)
FN:8,(anonymous_2)
FN:24,(anonymous_3)
FN:27,editClothing
FN:40,openEditForm
FN:58,(anonymous_6)
FN:59,(anonymous_7)
FN:67,(anonymous_8)
FN:80,closeSuccessPopup
FNF:10
FNH:8
FNDA:2,updateClothing
FNDA:2,(anonymous_1)
FNDA:2,(anonymous_2)
FNDA:1,(anonymous_3)
FNDA:2,editClothing
FNDA:2,openEditForm
FNDA:2,(anonymous_6)
FNDA:2,(anonymous_7)
FNDA:0,(anonymous_8)
FNDA:0,closeSuccessPopup
DA:2,2
DA:7,2
DA:9,2
DA:11,1
DA:13,1
DA:15,1
DA:21,1
DA:24,1
DA:28,2
DA:37,2
DA:41,2
DA:42,2
DA:43,2
DA:44,2
DA:45,2
DA:46,2
DA:47,2
DA:49,2
DA:57,2
DA:58,2
DA:60,2
DA:61,2
DA:62,2
DA:63,2
DA:64,2
DA:65,2
DA:67,0
DA:69,0
DA:81,0
LF:29
LH:26
BRDA:9,0,0,1
BRDA:9,0,1,1
BRDA:21,1,0,1
BRDA:21,1,1,0
BRDA:49,2,0,2
BRDA:49,2,1,0
BRDA:50,3,0,2
BRDA:50,3,1,2
BRDA:50,3,2,2
BRDA:50,3,3,2
BRDA:50,3,4,2
BRDA:50,3,5,2
BRF:12
BRH:10
end_of_record
TN:
SF:public\js\common.js
FN:2,openAddPopup
FN:10,openConfirmationPopup
FN:22,closeAllPopups
FN:27,closeConfirmationPopups
FN:33,getItemById
FN:35,(anonymous_5)
FN:36,(anonymous_6)
FN:40,displayProduct
FN:51,(anonymous_8)
FN:55,loadClothingItems
FN:57,(anonymous_10)
FN:58,(anonymous_11)
FN:60,(anonymous_12)
FN:62,(anonymous_13)
FN:65,displayError
FNF:15
FNH:10
FNDA:0,openAddPopup
FNDA:1,openConfirmationPopup
FNDA:3,closeAllPopups
FNDA:2,closeConfirmationPopups
FNDA:0,getItemById
FNDA:0,(anonymous_5)
FNDA:0,(anonymous_6)
FNDA:93,displayProduct
FNDA:2,(anonymous_8)
FNDA:3,loadClothingItems
FNDA:3,(anonymous_10)
FNDA:3,(anonymous_11)
FNDA:93,(anonymous_12)
FNDA:0,(anonymous_13)
FNDA:2,displayError
DA:3,0
DA:4,0
DA:5,0
DA:6,0
DA:7,0
DA:14,1
DA:15,1
DA:18,1
DA:19,1
DA:23,3
DA:24,3
DA:29,2
DA:30,2
DA:34,0
DA:35,0
DA:36,0
DA:41,93
DA:42,93
DA:43,93
DA:50,93
DA:51,93
DA:52,93
DA:56,3
DA:57,3
DA:59,3
DA:60,93
DA:62,0
DA:66,2
DA:67,0
DA:71,2
LF:30
LH:20
BRDA:11,0,0,0
BRDA:12,1,0,0
BRDA:16,2,0,0
BRDA:16,2,1,1
BRF:4
BRH:1
end_of_record
